{"/Users/stephen.reid/work/sandbox/devops-sample-app/app.js":{"path":"/Users/stephen.reid/work/sandbox/devops-sample-app/app.js","s":{"1":1,"2":1,"3":1,"4":1,"5":1,"6":2,"7":1,"8":1,"9":1},"b":{},"f":{"1":2,"2":1},"fnMap":{"1":{"name":"(anonymous_1)","line":8,"loc":{"start":{"line":8,"column":14},"end":{"line":8,"column":33}}},"2":{"name":"(anonymous_2)","line":14,"loc":{"start":{"line":14,"column":18},"end":{"line":14,"column":28}}}},"statementMap":{"1":{"start":{"line":1,"column":0},"end":{"line":1,"column":33}},"2":{"start":{"line":2,"column":0},"end":{"line":2,"column":20}},"3":{"start":{"line":4,"column":0},"end":{"line":4,"column":31}},"4":{"start":{"line":6,"column":0},"end":{"line":6,"column":34}},"5":{"start":{"line":8,"column":0},"end":{"line":12,"column":3}},"6":{"start":{"line":10,"column":2},"end":{"line":10,"column":22}},"7":{"start":{"line":14,"column":0},"end":{"line":18,"column":3}},"8":{"start":{"line":16,"column":2},"end":{"line":16,"column":62}},"9":{"start":{"line":20,"column":0},"end":{"line":20,"column":21}}},"branchMap":{}}}